hello from rank 1
/scratch/lveithen/SourceCode/0_GeneratedData/LTT_Data/LEO_ecc_0.0_inc_45.0/NoAsymetry_data_double_ideal_opt_model_shadow_False
hello from rank 10
/scratch/lveithen/SourceCode/0_GeneratedData/LTT_Data/LEO_ecc_0.0_inc_45.0/NoAsymetry_data_double_ideal_opt_model_shadow_False
hello from rank 2
/scratch/lveithen/SourceCode/0_GeneratedData/LTT_Data/LEO_ecc_0.0_inc_45.0/NoAsymetry_data_double_ideal_opt_model_shadow_False
hello from rank 6
/scratch/lveithen/SourceCode/0_GeneratedData/LTT_Data/LEO_ecc_0.0_inc_45.0/NoAsymetry_data_double_ideal_opt_model_shadow_False
hello from rank 12
/scratch/lveithen/SourceCode/0_GeneratedData/LTT_Data/LEO_ecc_0.0_inc_45.0/NoAsymetry_data_double_ideal_opt_model_shadow_False
hello from rank 13
/scratch/lveithen/SourceCode/0_GeneratedData/LTT_Data/LEO_ecc_0.0_inc_45.0/NoAsymetry_data_double_ideal_opt_model_shadow_False
hello from rank 16
/scratch/lveithen/SourceCode/0_GeneratedData/LTT_Data/LEO_ecc_0.0_inc_45.0/NoAsymetry_data_double_ideal_opt_model_shadow_False
hello from rank 14
/scratch/lveithen/SourceCode/0_GeneratedData/LTT_Data/LEO_ecc_0.0_inc_45.0/NoAsymetry_data_double_ideal_opt_model_shadow_False
hello from rank 4
/scratch/lveithen/SourceCode/0_GeneratedData/LTT_Data/LEO_ecc_0.0_inc_45.0/NoAsymetry_data_double_ideal_opt_model_shadow_False
hello from rank 7
/scratch/lveithen/SourceCode/0_GeneratedData/LTT_Data/LEO_ecc_0.0_inc_45.0/NoAsymetry_data_double_ideal_opt_model_shadow_False
hello from rank 8
/scratch/lveithen/SourceCode/0_GeneratedData/LTT_Data/LEO_ecc_0.0_inc_45.0/NoAsymetry_data_double_ideal_opt_model_shadow_False
hello from rank 11
/scratch/lveithen/SourceCode/0_GeneratedData/LTT_Data/LEO_ecc_0.0_inc_45.0/NoAsymetry_data_double_ideal_opt_model_shadow_False
hello from rank 15
/scratch/lveithen/SourceCode/0_GeneratedData/LTT_Data/LEO_ecc_0.0_inc_45.0/NoAsymetry_data_double_ideal_opt_model_shadow_False
hello from rank 3
/scratch/lveithen/SourceCode/0_GeneratedData/LTT_Data/LEO_ecc_0.0_inc_45.0/NoAsymetry_data_double_ideal_opt_model_shadow_False
hello from rank 5
/scratch/lveithen/SourceCode/0_GeneratedData/LTT_Data/LEO_ecc_0.0_inc_45.0/NoAsymetry_data_double_ideal_opt_model_shadow_False
hello from rank 9
/scratch/lveithen/SourceCode/0_GeneratedData/LTT_Data/LEO_ecc_0.0_inc_45.0/NoAsymetry_data_double_ideal_opt_model_shadow_False
hello from rank 0
/scratch/lveithen/SourceCode/0_GeneratedData/LTT_Data/LEO_ecc_0.0_inc_45.0/NoAsymetry_data_double_ideal_opt_model_shadow_False
--- running (0, 0, 0), 100.0% ---
(0, 0, 0): 0.3394789695739746
/scratch/lveithen/SourceCode/0_GeneratedData/LTT_Data/LEO_ecc_0.0_inc_45.0/NoAsymetry_data_double_ideal_opt_model_shadow_False
hello from rank 17
/scratch/lveithen/SourceCode/0_GeneratedData/LTT_Data/LEO_ecc_0.0_inc_45.0/NoAsymetry_data_double_ideal_opt_model_shadow_False
--- running (np.int64(10), np.int64(10), np.int64(0)), 100.0% ---
(np.int64(10), np.int64(10), np.int64(0)): 1456.665888786316
