hello from rank 5
--- running (np.int64(-55), np.int64(-70), np.int64(0)), 50.0% ---
12745.873167514801
--- running (np.int64(-55), np.int64(-55), np.int64(0)), 100.0% ---
11068.16298007965
hello from rank 7
--- running (np.int64(-40), np.int64(-10), np.int64(0)), 33.33333333333333% ---
5946.819710493088
--- running (np.int64(-40), np.int64(0), np.int64(0)), 66.66666666666666% ---
5827.467008590698
--- running (np.int64(-20), np.int64(-100), np.int64(0)), 100.0% ---
14354.148337364197
hello from rank 9
--- running (np.int64(100), np.int64(-40), np.int64(0)), 50.0% ---
15587.710644721985
--- running (np.int64(100), np.int64(-30), np.int64(0)), 100.0% ---
14702.411523342133
hello from rank 8
--- running (np.int64(-20), np.int64(-85), np.int64(0)), 33.33333333333333% ---
12563.559422254562
--- running (np.int64(-20), np.int64(-70), np.int64(0)), 66.66666666666666% ---
10456.866278648376
--- running (np.int64(-20), np.int64(-55), np.int64(0)), 100.0% ---
8650.369428873062
hello from rank 6
--- running (np.int64(-55), np.int64(-40), np.int64(0)), 33.33333333333333% ---
13154.315312862396
--- running (np.int64(-40), np.int64(-30), np.int64(0)), 66.66666666666666% ---
9764.811674833298
--- running (np.int64(-40), np.int64(-20), np.int64(0)), 100.0% ---
8830.786492347717
hello from rank 4
--- running (np.int64(-85), np.int64(40), np.int64(0)), 100.0% ---
13438.82008934021
hello from rank 0
--- running (np.int64(-100), np.int64(70), np.int64(0)), 100.0% ---
17955.225648880005
hello from rank 11
--- running (np.int64(70), np.int64(100), np.int64(0)), 33.33333333333333% ---
17472.853167295456
--- running (np.int64(55), np.int64(-100), np.int64(0)), 66.66666666666666% ---
15825.980966091156
--- running (np.int64(55), np.int64(-55), np.int64(0)), 100.0% ---
10724.298822641373
hello from rank 10
--- running (np.int64(100), np.int64(-20), np.int64(0)), 33.33333333333333% ---
14810.631870031357
--- running (np.int64(85), np.int64(-30), np.int64(0)), 66.66666666666666% ---
13159.78318309784
--- running (np.int64(85), np.int64(100), np.int64(0)), 100.0% ---
17073.37641954422
hello from rank 2
--- running (np.int64(-100), np.int64(30), np.int64(0)), 50.0% ---
14919.244919776917
--- running (np.int64(-100), np.int64(20), np.int64(0)), 100.0% ---
14441.533508300781
