hello from rank 11
--- running (np.int64(30), np.int64(70), np.int64(0)), 33.33333333333333% ---
11603.368422985077
--- running (np.int64(10), np.int64(30), np.int64(0)), 66.66666666666666% ---
4863.501875638962
--- running (np.int64(10), np.int64(20), np.int64(0)), 100.0% ---
3340.171788454056
hello from rank 5
--- running (np.int64(-55), np.int64(55), np.int64(0)), 25.0% ---
11791.440997362137
--- running (np.int64(-55), np.int64(10), np.int64(0)), 50.0% ---
8245.706701517105
--- running (np.int64(-40), np.int64(0), np.int64(0)), 75.0% ---
5728.50630402565
--- running (np.int64(-40), np.int64(100), np.int64(0)), 100.0% ---
15080.684643268585
hello from rank 4
--- running (np.int64(-70), np.int64(55), np.int64(0)), 25.0% ---
12740.105352163315
--- running (np.int64(-55), np.int64(-70), np.int64(0)), 50.0% ---
12698.454692363739
--- running (np.int64(-55), np.int64(-55), np.int64(0)), 75.0% ---
10888.879650831223
--- running (np.int64(-55), np.int64(-40), np.int64(0)), 100.0% ---
9688.228328466415
hello from rank 0
--- running (np.int64(-100), np.int64(-10), np.int64(0)), 33.33333333333333% ---
14582.718408823013
--- running (np.int64(-100), np.int64(0), np.int64(0)), 66.66666666666666% ---
14527.209758996964
--- running (np.int64(-100), np.int64(100), np.int64(0)), 100.0% ---
19421.297540664673
hello from rank 3
--- running (np.int64(-70), np.int64(-55), np.int64(0)), 25.0% ---
12731.391785383224
--- running (np.int64(-70), np.int64(-40), np.int64(0)), 50.0% ---
11438.618267774582
--- running (np.int64(-70), np.int64(-30), np.int64(0)), 75.0% ---
10702.127225160599
--- running (np.int64(-70), np.int64(70), np.int64(0)), 100.0% ---
14129.507599830627
hello from rank 2
--- running (np.int64(-85), np.int64(-20), np.int64(0)), 25.0% ---
12645.251628875732
--- running (np.int64(-85), np.int64(-10), np.int64(0)), 50.0% ---
12337.955176115036
--- running (np.int64(-85), np.int64(40), np.int64(0)), 75.0% ---
13228.179570436478
--- running (np.int64(-70), np.int64(-70), np.int64(0)), 100.0% ---
13777.105432033539
hello from rank 10
--- running (np.int64(55), np.int64(70), np.int64(0)), 25.0% ---
13399.918745994568
--- running (np.int64(40), np.int64(-70), np.int64(0)), 50.0% ---
11740.806943178177
--- running (np.int64(30), np.int64(100), np.int64(0)), 75.0% ---
14697.090594768524
--- running (np.int64(30), np.int64(85), np.int64(0)), 100.0% ---
13073.322946071625
hello from rank 6
--- running (np.int64(-30), np.int64(-85), np.int64(0)), 25.0% ---
18223.029980659485
--- running (np.int64(-30), np.int64(-70), np.int64(0)), 50.0% ---
14951.80193400383
--- running (np.int64(-20), np.int64(-55), np.int64(0)), 75.0% ---
11124.53783774376
--- running (np.int64(-20), np.int64(-40), np.int64(0)), 100.0% ---
8719.281473636627
